Sep 09, 2014 1:23:33 AM org.redpin.server.standalone.db.homes.FingerprintHome get
SEVERE: get failed: [SQLITE_ERROR] SQL error or missing database (near "FROM": syntax error)
java.sql.SQLException: [SQLITE_ERROR] SQL error or missing database (near "FROM": syntax error)
	at org.sqlite.DB.newSQLException(DB.java:415)
	at org.sqlite.DB.newSQLException(DB.java:420)
	at org.sqlite.DB.throwex(DB.java:404)
	at org.sqlite.NestedDB.prepare(NestedDB.java:140)
	at org.sqlite.DB.prepare(DB.java:135)
	at org.sqlite.Stmt.executeQuery(Stmt.java:128)
	at org.redpin.server.standalone.db.homes.FingerprintHome.get(FingerprintHome.java:177)
	at org.redpin.server.standalone.db.homes.FingerprintHome.getFingerprints(FingerprintHome.java:150)
	at org.redpin.server.standalone.db.homes.FingerprintHome.getAll(FingerprintHome.java:133)
	at org.redpin.server.standalone.svm.CategorizerFactory.buildCategories(CategorizerFactory.java:62)
	at org.redpin.server.standalone.svm.SVMSupport.train(SVMSupport.java:72)
	at org.redpin.server.standalone.svm.TrainSVMTimerTask.run(TrainSVMTimerTask.java:51)
	at java.util.TimerThread.mainLoop(Timer.java:555)
	at java.util.TimerThread.run(Timer.java:505)

Sep 09, 2014 1:23:33 AM org.redpin.server.standalone.db.homes.EntityHome get
SEVERE: get failed: [SQLITE_ERROR] SQL error or missing database (near "FROM": syntax error)
java.sql.SQLException: [SQLITE_ERROR] SQL error or missing database (near "FROM": syntax error)
	at org.sqlite.DB.newSQLException(DB.java:415)
	at org.sqlite.DB.newSQLException(DB.java:420)
	at org.sqlite.DB.throwex(DB.java:404)
	at org.sqlite.NestedDB.prepare(NestedDB.java:140)
	at org.sqlite.DB.prepare(DB.java:135)
	at org.sqlite.Stmt.executeQuery(Stmt.java:128)
	at org.redpin.server.standalone.db.homes.EntityHome.get(EntityHome.java:370)
	at org.redpin.server.standalone.db.homes.EntityHome.getAll(EntityHome.java:471)
	at org.redpin.server.standalone.svm.SVMSupport.train(SVMSupport.java:74)
	at org.redpin.server.standalone.svm.TrainSVMTimerTask.run(TrainSVMTimerTask.java:51)
	at java.util.TimerThread.mainLoop(Timer.java:555)
	at java.util.TimerThread.run(Timer.java:505)

